<?xml version="1.0" encoding="UTF-8"?>
<!-- Generated by org.testng.reporters.JUnitXMLReporter -->
<testsuite ignored="0" hostname="Karthik" failures="1" tests="1" name="Test" time="2.957" errors="0" timestamp="2023-11-04T16:57:23 IST">
  <testcase classname="com.caw.CawInterview.inputTableData" name="tableData" time="0.018">
    <failure type="java.lang.NullPointerException" message="Cannot invoke &amp;quot;org.openqa.selenium.WebDriver.findElement(org.openqa.selenium.By)&amp;quot; because &amp;quot;this.driver&amp;quot; is null">
      <![CDATA[java.lang.NullPointerException: Cannot invoke "org.openqa.selenium.WebDriver.findElement(org.openqa.selenium.By)" because "this.driver" is null
at pageObjects.testPageObject.gettableDataBtn(testPageObject.java:27)
at com.caw.CawInterview.inputTableData.tableData(inputTableData.java:33)
at java.base/java.util.ArrayList.forEach(ArrayList.java:1511)
... Removed 27 stack frames]]>
    </failure>
  </testcase> <!-- tableData -->
</testsuite> <!-- Test -->
