<?xml version="1.0" encoding="UTF-8"?>
<!-- Generated by org.testng.reporters.JUnitXMLReporter -->
<testsuite ignored="0" hostname="Karthik" failures="0" tests="1" name="Test(failed)" time="0.102" errors="0" timestamp="2023-11-04T15:47:33 IST">
  <testcase classname="com.caw.CawInterview.inputTableData" name="@BeforeTest driverSetUp" time="0.023">
    <failure type="java.lang.StackOverflowError">
      <![CDATA[java.lang.StackOverflowError
at basePage.basePage.getDriver(basePage.java:23)
at basePage.basePage.getDriver(basePage.java:23)
at basePage.basePage.getDriver(basePage.java:23)
at basePage.basePage.getDriver(basePage.java:23)
at basePage.basePage.getDriver(basePage.java:23)
at basePage.basePage.getDriver(basePage.java:23)
at basePage.basePage.getDriver(basePage.java:23)
at basePage.basePage.getDriver(basePage.java:23)
at basePage.basePage.getDriver(basePage.java:23)
at basePage.basePage.getDriver(basePage.java:23)
at basePage.basePage.getDriver(basePage.java:23)
at basePage.basePage.getDriver(basePage.java:23)
at basePage.basePage.getDriver(basePage.java:23)
at basePage.basePage.getDriver(basePage.java:23)
at basePage.basePage.getDriver(basePage.java:23)
at basePage.basePage.getDriver(basePage.java:23)
at basePage.basePage.getDriver(basePage.java:23)
at basePage.basePage.getDriver(basePage.java:23)
at basePage.basePage.getDriver(basePage.java:23)
at basePage.basePage.getDriver(basePage.java:23)
at basePage.basePage.getDriver(basePage.java:23)
at basePage.basePage.getDriver(basePage.java:23)
at basePage.basePage.getDriver(basePage.java:23)
at basePage.basePage.getDriver(basePage.java:23)
at basePage.basePage.getDriver(basePage.java:23)
at basePage.basePage.getDriver(basePage.java:23)
at basePage.basePage.getDriver(basePage.java:23)
at basePage.basePage.getDriver(basePage.java:23)
at basePage.basePage.getDriver(basePage.java:23)
at basePage.basePage.getDriver(basePage.java:23)
at basePage.basePage.getDriver(basePage.java:23)
at basePage.basePage.getDriver(basePage.java:23)
at basePage.basePage.getDriver(basePage.java:23)
at basePage.basePage.getDriver(basePage.java:23)
at basePage.basePage.getDriver(basePage.java:23)
at basePage.basePage.getDriver(basePage.java:23)
at basePage.basePage.getDriver(basePage.java:23)
at basePage.basePage.getDriver(basePage.java:23)
at basePage.basePage.getDriver(basePage.java:23)
at basePage.basePage.getDriver(basePage.java:23)
at basePage.basePage.getDriver(basePage.java:23)
at basePage.basePage.getDriver(basePage.java:23)
at basePage.basePage.getDriver(basePage.java:23)
at basePage.basePage.getDriver(basePage.java:23)
at basePage.basePage.getDriver(basePage.java:23)
at basePage.basePage.getDriver(basePage.java:23)
at basePage.basePage.getDriver(basePage.java:23)
at basePage.basePage.getDriver(basePage.java:23)
at basePage.basePage.getDriver(basePage.java:23)
at basePage.basePage.getDriver(basePage.java:23)
at basePage.basePage.getDriver(basePage.java:23)
at basePage.basePage.getDriver(basePage.java:23)
at basePage.basePage.getDriver(basePage.java:23)
at basePage.basePage.getDriver(basePage.java:23)
at basePage.basePage.getDriver(basePage.java:23)
at basePage.basePage.getDriver(basePage.java:23)
at basePage.basePage.getDriver(basePage.java:23)
at basePage.basePage.getDriver(basePage.java:23)
at basePage.basePage.getDriver(basePage.java:23)
at basePage.basePage.getDriver(basePage.java:23)
at basePage.basePage.getDriver(basePage.java:23)
at basePage.basePage.getDriver(basePage.java:23)
at basePage.basePage.getDriver(basePage.java:23)
at basePage.basePage.getDriver(basePage.java:23)
at basePage.basePage.getDriver(basePage.java:23)
at basePage.basePage.getDriver(basePage.java:23)
at basePage.basePage.getDriver(basePage.java:23)
at basePage.basePage.getDriver(basePage.java:23)
at basePage.basePage.getDriver(basePage.java:23)
at basePage.basePage.getDriver(basePage.java:23)
at basePage.basePage.getDriver(basePage.java:23)
at basePage.basePage.getDriver(basePage.java:23)
at basePage.basePage.getDriver(basePage.java:23)
at basePage.basePage.getDriver(basePage.java:23)
at basePage.basePage.getDriver(basePage.java:23)
at basePage.basePage.getDriver(basePage.java:23)
at basePage.basePage.getDriver(basePage.java:23)
at basePage.basePage.getDriver(basePage.java:23)
at basePage.basePage.getDriver(basePage.java:23)
at basePage.basePage.getDriver(basePage.java:23)
at basePage.basePage.getDriver(basePage.java:23)
at basePage.basePage.getDriver(basePage.java:23)
at basePage.basePage.getDriver(basePage.java:23)
at basePage.basePage.getDriver(basePage.java:23)
at basePage.basePage.getDriver(basePage.java:23)
at basePage.basePage.getDriver(basePage.java:23)
at basePage.basePage.getDriver(basePage.java:23)
at basePage.basePage.getDriver(basePage.java:23)
at basePage.basePage.getDriver(basePage.java:23)
at basePage.basePage.getDriver(basePage.java:23)
at basePage.basePage.getDriver(basePage.java:23)
at basePage.basePage.getDriver(basePage.java:23)
at basePage.basePage.getDriver(basePage.java:23)
at basePage.basePage.getDriver(basePage.java:23)
at basePage.basePage.getDriver(basePage.java:23)
at basePage.basePage.getDriver(basePage.java:23)
at basePage.basePage.getDriver(basePage.java:23)
at basePage.basePage.getDriver(basePage.java:23)
at basePage.basePage.getDriver(basePage.java:23)
at basePage.basePage.getDriver(basePage.java:23)
at basePage.basePage.getDriver(basePage.java:23)
at basePage.basePage.getDriver(basePage.java:23)
at basePage.basePage.getDriver(basePage.java:23)
at basePage.basePage.getDriver(basePage.java:23)
at basePage.basePage.getDriver(basePage.java:23)
at basePage.basePage.getDriver(basePage.java:23)
at basePage.basePage.getDriver(basePage.java:23)
at basePage.basePage.getDriver(basePage.java:23)
at basePage.basePage.getDriver(basePage.java:23)
at basePage.basePage.getDriver(basePage.java:23)
at basePage.basePage.getDriver(basePage.java:23)
at basePage.basePage.getDriver(basePage.java:23)
at basePage.basePage.getDriver(basePage.java:23)
at basePage.basePage.getDriver(basePage.java:23)
at basePage.basePage.getDriver(basePage.java:23)
at basePage.basePage.getDriver(basePage.java:23)
at basePage.basePage.getDriver(basePage.java:23)
at basePage.basePage.getDriver(basePage.java:23)
at basePage.basePage.getDriver(basePage.java:23)
at basePage.basePage.getDriver(basePage.java:23)
at basePage.basePage.getDriver(basePage.java:23)
at basePage.basePage.getDriver(basePage.java:23)
at basePage.basePage.getDriver(basePage.java:23)
at basePage.basePage.getDriver(basePage.java:23)
at basePage.basePage.getDriver(basePage.java:23)
at basePage.basePage.getDriver(basePage.java:23)
at basePage.basePage.getDriver(basePage.java:23)
at basePage.basePage.getDriver(basePage.java:23)
at basePage.basePage.getDriver(basePage.java:23)
at basePage.basePage.getDriver(basePage.java:23)
at basePage.basePage.getDriver(basePage.java:23)
at basePage.basePage.getDriver(basePage.java:23)
at basePage.basePage.getDriver(basePage.java:23)
at basePage.basePage.getDriver(basePage.java:23)
at basePage.basePage.getDriver(basePage.java:23)
at basePage.basePage.getDriver(basePage.java:23)
at basePage.basePage.getDriver(basePage.java:23)
at basePage.basePage.getDriver(basePage.java:23)
at basePage.basePage.getDriver(basePage.java:23)
at basePage.basePage.getDriver(basePage.java:23)
at basePage.basePage.getDriver(basePage.java:23)
at basePage.basePage.getDriver(basePage.java:23)
at basePage.basePage.getDriver(basePage.java:23)
at basePage.basePage.getDriver(basePage.java:23)
at basePage.basePage.getDriver(basePage.java:23)
at basePage.basePage.getDriver(basePage.java:23)
at basePage.basePage.getDriver(basePage.java:23)
at basePage.basePage.getDriver(basePage.java:23)
at basePage.basePage.getDriver(basePage.java:23)
at basePage.basePage.getDriver(basePage.java:23)
at basePage.basePage.getDriver(basePage.java:23)
at basePage.basePage.getDriver(basePage.java:23)
at basePage.basePage.getDriver(basePage.java:23)
at basePage.basePage.getDriver(basePage.java:23)
at basePage.basePage.getDriver(basePage.java:23)
at basePage.basePage.getDriver(basePage.java:23)
at basePage.basePage.getDriver(basePage.java:23)
at basePage.basePage.getDriver(basePage.java:23)
at basePage.basePage.getDriver(basePage.java:23)
at basePage.basePage.getDriver(basePage.java:23)
at basePage.basePage.getDriver(basePage.java:23)
at basePage.basePage.getDriver(basePage.java:23)
at basePage.basePage.getDriver(basePage.java:23)
at basePage.basePage.getDriver(basePage.java:23)
at basePage.basePage.getDriver(basePage.java:23)
at basePage.basePage.getDriver(basePage.java:23)
at basePage.basePage.getDriver(basePage.java:23)
at basePage.basePage.getDriver(basePage.java:23)
at basePage.basePage.getDriver(basePage.java:23)
at basePage.basePage.getDriver(basePage.java:23)
at basePage.basePage.getDriver(basePage.java:23)
at basePage.basePage.getDriver(basePage.java:23)
at basePage.basePage.getDriver(basePage.java:23)
at basePage.basePage.getDriver(basePage.java:23)
at basePage.basePage.getDriver(basePage.java:23)
at basePage.basePage.getDriver(basePage.java:23)
at basePage.basePage.getDriver(basePage.java:23)
at basePage.basePage.getDriver(basePage.java:23)
at basePage.basePage.getDriver(basePage.java:23)
at basePage.basePage.getDriver(basePage.java:23)
at basePage.basePage.getDriver(basePage.java:23)
at basePage.basePage.getDriver(basePage.java:23)
at basePage.basePage.getDriver(basePage.java:23)
at basePage.basePage.getDriver(basePage.java:23)
at basePage.basePage.getDriver(basePage.java:23)
at basePage.basePage.getDriver(basePage.java:23)
at basePage.basePage.getDriver(basePage.java:23)
at basePage.basePage.getDriver(basePage.java:23)
at basePage.basePage.getDriver(basePage.java:23)
at basePage.basePage.getDriver(basePage.java:23)
at basePage.basePage.getDriver(basePage.java:23)
at basePage.basePage.getDriver(basePage.java:23)
at basePage.basePage.getDriver(basePage.java:23)
at basePage.basePage.getDriver(basePage.java:23)
at basePage.basePage.getDriver(basePage.java:23)
at basePage.basePage.getDriver(basePage.java:23)
at basePage.basePage.getDriver(basePage.java:23)
at basePage.basePage.getDriver(basePage.java:23)
at basePage.basePage.getDriver(basePage.java:23)
at basePage.basePage.getDriver(basePage.java:23)
at basePage.basePage.getDriver(basePage.java:23)
at basePage.basePage.getDriver(basePage.java:23)
at basePage.basePage.getDriver(basePage.java:23)
at basePage.basePage.getDriver(basePage.java:23)
at basePage.basePage.getDriver(basePage.java:23)
at basePage.basePage.getDriver(basePage.java:23)
at basePage.basePage.getDriver(basePage.java:23)
at basePage.basePage.getDriver(basePage.java:23)
at basePage.basePage.getDriver(basePage.java:23)
at basePage.basePage.getDriver(basePage.java:23)
at basePage.basePage.getDriver(basePage.java:23)
at basePage.basePage.getDriver(basePage.java:23)
at basePage.basePage.getDriver(basePage.java:23)
at basePage.basePage.getDriver(basePage.java:23)
at basePage.basePage.getDriver(basePage.java:23)
at basePage.basePage.getDriver(basePage.java:23)
at basePage.basePage.getDriver(basePage.java:23)
at basePage.basePage.getDriver(basePage.java:23)
at basePage.basePage.getDriver(basePage.java:23)
at basePage.basePage.getDriver(basePage.java:23)
at basePage.basePage.getDriver(basePage.java:23)
at basePage.basePage.getDriver(basePage.java:23)
at basePage.basePage.getDriver(basePage.java:23)
at basePage.basePage.getDriver(basePage.java:23)
at basePage.basePage.getDriver(basePage.java:23)
at basePage.basePage.getDriver(basePage.java:23)
at basePage.basePage.getDriver(basePage.java:23)
at basePage.basePage.getDriver(basePage.java:23)
at basePage.basePage.getDriver(basePage.java:23)
at basePage.basePage.getDriver(basePage.java:23)
at basePage.basePage.getDriver(basePage.java:23)
at basePage.basePage.getDriver(basePage.java:23)
at basePage.basePage.getDriver(basePage.java:23)
at basePage.basePage.getDriver(basePage.java:23)
at basePage.basePage.getDriver(basePage.java:23)
at basePage.basePage.getDriver(basePage.java:23)
at basePage.basePage.getDriver(basePage.java:23)
at basePage.basePage.getDriver(basePage.java:23)
at basePage.basePage.getDriver(basePage.java:23)
at basePage.basePage.getDriver(basePage.java:23)
at basePage.basePage.getDriver(basePage.java:23)
at basePage.basePage.getDriver(basePage.java:23)
at basePage.basePage.getDriver(basePage.java:23)
at basePage.basePage.getDriver(basePage.java:23)
at basePage.basePage.getDriver(basePage.java:23)
at basePage.basePage.getDriver(basePage.java:23)
at basePage.basePage.getDriver(basePage.java:23)
at basePage.basePage.getDriver(basePage.java:23)
at basePage.basePage.getDriver(basePage.java:23)
at basePage.basePage.getDriver(basePage.java:23)
at basePage.basePage.getDriver(basePage.java:23)
at basePage.basePage.getDriver(basePage.java:23)
at basePage.basePage.getDriver(basePage.java:23)
at basePage.basePage.getDriver(basePage.java:23)
at basePage.basePage.getDriver(basePage.java:23)
at basePage.basePage.getDriver(basePage.java:23)
at basePage.basePage.getDriver(basePage.java:23)
at basePage.basePage.getDriver(basePage.java:23)
at basePage.basePage.getDriver(basePage.java:23)
at basePage.basePage.getDriver(basePage.java:23)
at basePage.basePage.getDriver(basePage.java:23)
at basePage.basePage.getDriver(basePage.java:23)
at basePage.basePage.getDriver(basePage.java:23)
at basePage.basePage.getDriver(basePage.java:23)
at basePage.basePage.getDriver(basePage.java:23)
at basePage.basePage.getDriver(basePage.java:23)
at basePage.basePage.getDriver(basePage.java:23)
at basePage.basePage.getDriver(basePage.java:23)
at basePage.basePage.getDriver(basePage.java:23)
at basePage.basePage.getDriver(basePage.java:23)
at basePage.basePage.getDriver(basePage.java:23)
at basePage.basePage.getDriver(basePage.java:23)
at basePage.basePage.getDriver(basePage.java:23)
at basePage.basePage.getDriver(basePage.java:23)
at basePage.basePage.getDriver(basePage.java:23)
at basePage.basePage.getDriver(basePage.java:23)
at basePage.basePage.getDriver(basePage.java:23)
at basePage.basePage.getDriver(basePage.java:23)
at basePage.basePage.getDriver(basePage.java:23)
at basePage.basePage.getDriver(basePage.java:23)
at basePage.basePage.getDriver(basePage.java:23)
at basePage.basePage.getDriver(basePage.java:23)
at basePage.basePage.getDriver(basePage.java:23)
at basePage.basePage.getDriver(basePage.java:23)
at basePage.basePage.getDriver(basePage.java:23)
at basePage.basePage.getDriver(basePage.java:23)
at basePage.basePage.getDriver(basePage.java:23)
at basePage.basePage.getDriver(basePage.java:23)
at basePage.basePage.getDriver(basePage.java:23)
at basePage.basePage.getDriver(basePage.java:23)
at basePage.basePage.getDriver(basePage.java:23)
at basePage.basePage.getDriver(basePage.java:23)
at basePage.basePage.getDriver(basePage.java:23)
at basePage.basePage.getDriver(basePage.java:23)
at basePage.basePage.getDriver(basePage.java:23)
at basePage.basePage.getDriver(basePage.java:23)
at basePage.basePage.getDriver(basePage.java:23)
at basePage.basePage.getDriver(basePage.java:23)
at basePage.basePage.getDriver(basePage.java:23)
at basePage.basePage.getDriver(basePage.java:23)
at basePage.basePage.getDriver(basePage.java:23)
at basePage.basePage.getDriver(basePage.java:23)
at basePage.basePage.getDriver(basePage.java:23)
at basePage.basePage.getDriver(basePage.java:23)
at basePage.basePage.getDriver(basePage.java:23)
at basePage.basePage.getDriver(basePage.java:23)
at basePage.basePage.getDriver(basePage.java:23)
at basePage.basePage.getDriver(basePage.java:23)
at basePage.basePage.getDriver(basePage.java:23)
at basePage.basePage.getDriver(basePage.java:23)
at basePage.basePage.getDriver(basePage.java:23)
at basePage.basePage.getDriver(basePage.java:23)
at basePage.basePage.getDriver(basePage.java:23)
at basePage.basePage.getDriver(basePage.java:23)
at basePage.basePage.getDriver(basePage.java:23)
at basePage.basePage.getDriver(basePage.java:23)
at basePage.basePage.getDriver(basePage.java:23)
at basePage.basePage.getDriver(basePage.java:23)
at basePage.basePage.getDriver(basePage.java:23)
at basePage.basePage.getDriver(basePage.java:23)
at basePage.basePage.getDriver(basePage.java:23)
at basePage.basePage.getDriver(basePage.java:23)
at basePage.basePage.getDriver(basePage.java:23)
at basePage.basePage.getDriver(basePage.java:23)
at basePage.basePage.getDriver(basePage.java:23)
at basePage.basePage.getDriver(basePage.java:23)
at basePage.basePage.getDriver(basePage.java:23)
at basePage.basePage.getDriver(basePage.java:23)
at basePage.basePage.getDriver(basePage.java:23)
at basePage.basePage.getDriver(basePage.java:23)
at basePage.basePage.getDriver(basePage.java:23)
at basePage.basePage.getDriver(basePage.java:23)
at basePage.basePage.getDriver(basePage.java:23)
at basePage.basePage.getDriver(basePage.java:23)
at basePage.basePage.getDriver(basePage.java:23)
at basePage.basePage.getDriver(basePage.java:23)
at basePage.basePage.getDriver(basePage.java:23)
at basePage.basePage.getDriver(basePage.java:23)
at basePage.basePage.getDriver(basePage.java:23)
at basePage.basePage.getDriver(basePage.java:23)
at basePage.basePage.getDriver(basePage.java:23)
at basePage.basePage.getDriver(basePage.java:23)
at basePage.basePage.getDriver(basePage.java:23)
at basePage.basePage.getDriver(basePage.java:23)
at basePage.basePage.getDriver(basePage.java:23)
at basePage.basePage.getDriver(basePage.java:23)
at basePage.basePage.getDriver(basePage.java:23)
at basePage.basePage.getDriver(basePage.java:23)
at basePage.basePage.getDriver(basePage.java:23)
at basePage.basePage.getDriver(basePage.java:23)
at basePage.basePage.getDriver(basePage.java:23)
at basePage.basePage.getDriver(basePage.java:23)
at basePage.basePage.getDriver(basePage.java:23)
at basePage.basePage.getDriver(basePage.java:23)
at basePage.basePage.getDriver(basePage.java:23)
at basePage.basePage.getDriver(basePage.java:23)
at basePage.basePage.getDriver(basePage.java:23)
at basePage.basePage.getDriver(basePage.java:23)
at basePage.basePage.getDriver(basePage.java:23)
at basePage.basePage.getDriver(basePage.java:23)
at basePage.basePage.getDriver(basePage.java:23)
at basePage.basePage.getDriver(basePage.java:23)
at basePage.basePage.getDriver(basePage.java:23)
at basePage.basePage.getDriver(basePage.java:23)
at basePage.basePage.getDriver(basePage.java:23)
at basePage.basePage.getDriver(basePage.java:23)
at basePage.basePage.getDriver(basePage.java:23)
at basePage.basePage.getDriver(basePage.java:23)
at basePage.basePage.getDriver(basePage.java:23)
at basePage.basePage.getDriver(basePage.java:23)
at basePage.basePage.getDriver(basePage.java:23)
at basePage.basePage.getDriver(basePage.java:23)
at basePage.basePage.getDriver(basePage.java:23)
at basePage.basePage.getDriver(basePage.java:23)
at basePage.basePage.getDriver(basePage.java:23)
at basePage.basePage.getDriver(basePage.java:23)
at basePage.basePage.getDriver(basePage.java:23)
at basePage.basePage.getDriver(basePage.java:23)
at basePage.basePage.getDriver(basePage.java:23)
at basePage.basePage.getDriver(basePage.java:23)
at basePage.basePage.getDriver(basePage.java:23)
at basePage.basePage.getDriver(basePage.java:23)
at basePage.basePage.getDriver(basePage.java:23)
at basePage.basePage.getDriver(basePage.java:23)
at basePage.basePage.getDriver(basePage.java:23)
at basePage.basePage.getDriver(basePage.java:23)
at basePage.basePage.getDriver(basePage.java:23)
at basePage.basePage.getDriver(basePage.java:23)
at basePage.basePage.getDriver(basePage.java:23)
at basePage.basePage.getDriver(basePage.java:23)
at basePage.basePage.getDriver(basePage.java:23)
at basePage.basePage.getDriver(basePage.java:23)
at basePage.basePage.getDriver(basePage.java:23)
at basePage.basePage.getDriver(basePage.java:23)
at basePage.basePage.getDriver(basePage.java:23)
at basePage.basePage.getDriver(basePage.java:23)
at basePage.basePage.getDriver(basePage.java:23)
at basePage.basePage.getDriver(basePage.java:23)
at basePage.basePage.getDriver(basePage.java:23)
at basePage.basePage.getDriver(basePage.java:23)
at basePage.basePage.getDriver(basePage.java:23)
at basePage.basePage.getDriver(basePage.java:23)
at basePage.basePage.getDriver(basePage.java:23)
at basePage.basePage.getDriver(basePage.java:23)
at basePage.basePage.getDriver(basePage.java:23)
at basePage.basePage.getDriver(basePage.java:23)
at basePage.basePage.getDriver(basePage.java:23)
at basePage.basePage.getDriver(basePage.java:23)
at basePage.basePage.getDriver(basePage.java:23)
at basePage.basePage.getDriver(basePage.java:23)
at basePage.basePage.getDriver(basePage.java:23)
at basePage.basePage.getDriver(basePage.java:23)
at basePage.basePage.getDriver(basePage.java:23)
at basePage.basePage.getDriver(basePage.java:23)
at basePage.basePage.getDriver(basePage.java:23)
at basePage.basePage.getDriver(basePage.java:23)
at basePage.basePage.getDriver(basePage.java:23)
at basePage.basePage.getDriver(basePage.java:23)
at basePage.basePage.getDriver(basePage.java:23)
at basePage.basePage.getDriver(basePage.java:23)
at basePage.basePage.getDriver(basePage.java:23)
at basePage.basePage.getDriver(basePage.java:23)
at basePage.basePage.getDriver(basePage.java:23)
at basePage.basePage.getDriver(basePage.java:23)
at basePage.basePage.getDriver(basePage.java:23)
at basePage.basePage.getDriver(basePage.java:23)
at basePage.basePage.getDriver(basePage.java:23)
at basePage.basePage.getDriver(basePage.java:23)
at basePage.basePage.getDriver(basePage.java:23)
at basePage.basePage.getDriver(basePage.java:23)
at basePage.basePage.getDriver(basePage.java:23)
at basePage.basePage.getDriver(basePage.java:23)
at basePage.basePage.getDriver(basePage.java:23)
at basePage.basePage.getDriver(basePage.java:23)
at basePage.basePage.getDriver(basePage.java:23)
at basePage.basePage.getDriver(basePage.java:23)
at basePage.basePage.getDriver(basePage.java:23)
at basePage.basePage.getDriver(basePage.java:23)
at basePage.basePage.getDriver(basePage.java:23)
at basePage.basePage.getDriver(basePage.java:23)
at basePage.basePage.getDriver(basePage.java:23)
at basePage.basePage.getDriver(basePage.java:23)
at basePage.basePage.getDriver(basePage.java:23)
at basePage.basePage.getDriver(basePage.java:23)
at basePage.basePage.getDriver(basePage.java:23)
at basePage.basePage.getDriver(basePage.java:23)
at basePage.basePage.getDriver(basePage.java:23)
at basePage.basePage.getDriver(basePage.java:23)
at basePage.basePage.getDriver(basePage.java:23)
at basePage.basePage.getDriver(basePage.java:23)
at basePage.basePage.getDriver(basePage.java:23)
at basePage.basePage.getDriver(basePage.java:23)
at basePage.basePage.getDriver(basePage.java:23)
at basePage.basePage.getDriver(basePage.java:23)
at basePage.basePage.getDriver(basePage.java:23)
at basePage.basePage.getDriver(basePage.java:23)
at basePage.basePage.getDriver(basePage.java:23)
at basePage.basePage.getDriver(basePage.java:23)
at basePage.basePage.getDriver(basePage.java:23)
at basePage.basePage.getDriver(basePage.java:23)
at basePage.basePage.getDriver(basePage.java:23)
at basePage.basePage.getDriver(basePage.java:23)
at basePage.basePage.getDriver(basePage.java:23)
at basePage.basePage.getDriver(basePage.java:23)
at basePage.basePage.getDriver(basePage.java:23)
at basePage.basePage.getDriver(basePage.java:23)
at basePage.basePage.getDriver(basePage.java:23)
at basePage.basePage.getDriver(basePage.java:23)
at basePage.basePage.getDriver(basePage.java:23)
at basePage.basePage.getDriver(basePage.java:23)
at basePage.basePage.getDriver(basePage.java:23)
at basePage.basePage.getDriver(basePage.java:23)
at basePage.basePage.getDriver(basePage.java:23)
at basePage.basePage.getDriver(basePage.java:23)
at basePage.basePage.getDriver(basePage.java:23)
at basePage.basePage.getDriver(basePage.java:23)
at basePage.basePage.getDriver(basePage.java:23)
at basePage.basePage.getDriver(basePage.java:23)
at basePage.basePage.getDriver(basePage.java:23)
at basePage.basePage.getDriver(basePage.java:23)
at basePage.basePage.getDriver(basePage.java:23)
at basePage.basePage.getDriver(basePage.java:23)
at basePage.basePage.getDriver(basePage.java:23)
at basePage.basePage.getDriver(basePage.java:23)
at basePage.basePage.getDriver(basePage.java:23)
at basePage.basePage.getDriver(basePage.java:23)
at basePage.basePage.getDriver(basePage.java:23)
at basePage.basePage.getDriver(basePage.java:23)
at basePage.basePage.getDriver(basePage.java:23)
at basePage.basePage.getDriver(basePage.java:23)
at basePage.basePage.getDriver(basePage.java:23)
at basePage.basePage.getDriver(basePage.java:23)
at basePage.basePage.getDriver(basePage.java:23)
at basePage.basePage.getDriver(basePage.java:23)
at basePage.basePage.getDriver(basePage.java:23)
at basePage.basePage.getDriver(basePage.java:23)
at basePage.basePage.getDriver(basePage.java:23)
at basePage.basePage.getDriver(basePage.java:23)
at basePage.basePage.getDriver(basePage.java:23)
at basePage.basePage.getDriver(basePage.java:23)
at basePage.basePage.getDriver(basePage.java:23)
at basePage.basePage.getDriver(basePage.java:23)
at basePage.basePage.getDriver(basePage.java:23)
at basePage.basePage.getDriver(basePage.java:23)
at basePage.basePage.getDriver(basePage.java:23)
at basePage.basePage.getDriver(basePage.java:23)
at basePage.basePage.getDriver(basePage.java:23)
at basePage.basePage.getDriver(basePage.java:23)
at basePage.basePage.getDriver(basePage.java:23)
at basePage.basePage.getDriver(basePage.java:23)
at basePage.basePage.getDriver(basePage.java:23)
at basePage.basePage.getDriver(basePage.java:23)
at basePage.basePage.getDriver(basePage.java:23)
at basePage.basePage.getDriver(basePage.java:23)
at basePage.basePage.getDriver(basePage.java:23)
at basePage.basePage.getDriver(basePage.java:23)
at basePage.basePage.getDriver(basePage.java:23)
at basePage.basePage.getDriver(basePage.java:23)
at basePage.basePage.getDriver(basePage.java:23)
at basePage.basePage.getDriver(basePage.java:23)
at basePage.basePage.getDriver(basePage.java:23)
at basePage.basePage.getDriver(basePage.java:23)
at basePage.basePage.getDriver(basePage.java:23)
at basePage.basePage.getDriver(basePage.java:23)
at basePage.basePage.getDriver(basePage.java:23)
at basePage.basePage.getDriver(basePage.java:23)
at basePage.basePage.getDriver(basePage.java:23)
at basePage.basePage.getDriver(basePage.java:23)
at basePage.basePage.getDriver(basePage.java:23)
at basePage.basePage.getDriver(basePage.java:23)
at basePage.basePage.getDriver(basePage.java:23)
at basePage.basePage.getDriver(basePage.java:23)
at basePage.basePage.getDriver(basePage.java:23)
at basePage.basePage.getDriver(basePage.java:23)
at basePage.basePage.getDriver(basePage.java:23)
at basePage.basePage.getDriver(basePage.java:23)
at basePage.basePage.getDriver(basePage.java:23)
at basePage.basePage.getDriver(basePage.java:23)
at basePage.basePage.getDriver(basePage.java:23)
at basePage.basePage.getDriver(basePage.java:23)
at basePage.basePage.getDriver(basePage.java:23)
at basePage.basePage.getDriver(basePage.java:23)
at basePage.basePage.getDriver(basePage.java:23)
at basePage.basePage.getDriver(basePage.java:23)
at basePage.basePage.getDriver(basePage.java:23)
at basePage.basePage.getDriver(basePage.java:23)
at basePage.basePage.getDriver(basePage.java:23)
at basePage.basePage.getDriver(basePage.java:23)
at basePage.basePage.getDriver(basePage.java:23)
at basePage.basePage.getDriver(basePage.java:23)
at basePage.basePage.getDriver(basePage.java:23)
at basePage.basePage.getDriver(basePage.java:23)
at basePage.basePage.getDriver(basePage.java:23)
at basePage.basePage.getDriver(basePage.java:23)
at basePage.basePage.getDriver(basePage.java:23)
at basePage.basePage.getDriver(basePage.java:23)
at basePage.basePage.getDriver(basePage.java:23)
at basePage.basePage.getDriver(basePage.java:23)
at basePage.basePage.getDriver(basePage.java:23)
at basePage.basePage.getDriver(basePage.java:23)
at basePage.basePage.getDriver(basePage.java:23)
at basePage.basePage.getDriver(basePage.java:23)
at basePage.basePage.getDriver(basePage.java:23)
at basePage.basePage.getDriver(basePage.java:23)
at basePage.basePage.getDriver(basePage.java:23)
at basePage.basePage.getDriver(basePage.java:23)
at basePage.basePage.getDriver(basePage.java:23)
at basePage.basePage.getDriver(basePage.java:23)
at basePage.basePage.getDriver(basePage.java:23)
at basePage.basePage.getDriver(basePage.java:23)
at basePage.basePage.getDriver(basePage.java:23)
at basePage.basePage.getDriver(basePage.java:23)
at basePage.basePage.getDriver(basePage.java:23)
at basePage.basePage.getDriver(basePage.java:23)
at basePage.basePage.getDriver(basePage.java:23)
at basePage.basePage.getDriver(basePage.java:23)
at basePage.basePage.getDriver(basePage.java:23)
at basePage.basePage.getDriver(basePage.java:23)
at basePage.basePage.getDriver(basePage.java:23)
at basePage.basePage.getDriver(basePage.java:23)
at basePage.basePage.getDriver(basePage.java:23)
at basePage.basePage.getDriver(basePage.java:23)
at basePage.basePage.getDriver(basePage.java:23)
at basePage.basePage.getDriver(basePage.java:23)
at basePage.basePage.getDriver(basePage.java:23)
at basePage.basePage.getDriver(basePage.java:23)
at basePage.basePage.getDriver(basePage.java:23)
at basePage.basePage.getDriver(basePage.java:23)
at basePage.basePage.getDriver(basePage.java:23)
at basePage.basePage.getDriver(basePage.java:23)
at basePage.basePage.getDriver(basePage.java:23)
at basePage.basePage.getDriver(basePage.java:23)
at basePage.basePage.getDriver(basePage.java:23)
at basePage.basePage.getDriver(basePage.java:23)
at basePage.basePage.getDriver(basePage.java:23)
at basePage.basePage.getDriver(basePage.java:23)
at basePage.basePage.getDriver(basePage.java:23)
at basePage.basePage.getDriver(basePage.java:23)
at basePage.basePage.getDriver(basePage.java:23)
at basePage.basePage.getDriver(basePage.java:23)
at basePage.basePage.getDriver(basePage.java:23)
at basePage.basePage.getDriver(basePage.java:23)
at basePage.basePage.getDriver(basePage.java:23)
at basePage.basePage.getDriver(basePage.java:23)
at basePage.basePage.getDriver(basePage.java:23)
at basePage.basePage.getDriver(basePage.java:23)
at basePage.basePage.getDriver(basePage.java:23)
at basePage.basePage.getDriver(basePage.java:23)
at basePage.basePage.getDriver(basePage.java:23)
at basePage.basePage.getDriver(basePage.java:23)
at basePage.basePage.getDriver(basePage.java:23)
at basePage.basePage.getDriver(basePage.java:23)
at basePage.basePage.getDriver(basePage.java:23)
at basePage.basePage.getDriver(basePage.java:23)
at basePage.basePage.getDriver(basePage.java:23)
at basePage.basePage.getDriver(basePage.java:23)
at basePage.basePage.getDriver(basePage.java:23)
at basePage.basePage.getDriver(basePage.java:23)
at basePage.basePage.getDriver(basePage.java:23)
at basePage.basePage.getDriver(basePage.java:23)
at basePage.basePage.getDriver(basePage.java:23)
at basePage.basePage.getDriver(basePage.java:23)
at basePage.basePage.getDriver(basePage.java:23)
at basePage.basePage.getDriver(basePage.java:23)
at basePage.basePage.getDriver(basePage.java:23)
at basePage.basePage.getDriver(basePage.java:23)
at basePage.basePage.getDriver(basePage.java:23)
at basePage.basePage.getDriver(basePage.java:23)
at basePage.basePage.getDriver(basePage.java:23)
at basePage.basePage.getDriver(basePage.java:23)
at basePage.basePage.getDriver(basePage.java:23)
at basePage.basePage.getDriver(basePage.java:23)
at basePage.basePage.getDriver(basePage.java:23)
at basePage.basePage.getDriver(basePage.java:23)
at basePage.basePage.getDriver(basePage.java:23)
at basePage.basePage.getDriver(basePage.java:23)
at basePage.basePage.getDriver(basePage.java:23)
at basePage.basePage.getDriver(basePage.java:23)
at basePage.basePage.getDriver(basePage.java:23)
at basePage.basePage.getDriver(basePage.java:23)
at basePage.basePage.getDriver(basePage.java:23)
at basePage.basePage.getDriver(basePage.java:23)
at basePage.basePage.getDriver(basePage.java:23)
at basePage.basePage.getDriver(basePage.java:23)
at basePage.basePage.getDriver(basePage.java:23)
at basePage.basePage.getDriver(basePage.java:23)
at basePage.basePage.getDriver(basePage.java:23)
at basePage.basePage.getDriver(basePage.java:23)
at basePage.basePage.getDriver(basePage.java:23)
at basePage.basePage.getDriver(basePage.java:23)
at basePage.basePage.getDriver(basePage.java:23)
at basePage.basePage.getDriver(basePage.java:23)
at basePage.basePage.getDriver(basePage.java:23)
at basePage.basePage.getDriver(basePage.java:23)
at basePage.basePage.getDriver(basePage.java:23)
at basePage.basePage.getDriver(basePage.java:23)
at basePage.basePage.getDriver(basePage.java:23)
at basePage.basePage.getDriver(basePage.java:23)
at basePage.basePage.getDriver(basePage.java:23)
at basePage.basePage.getDriver(basePage.java:23)
at basePage.basePage.getDriver(basePage.java:23)
at basePage.basePage.getDriver(basePage.java:23)
at basePage.basePage.getDriver(basePage.java:23)
at basePage.basePage.getDriver(basePage.java:23)
at basePage.basePage.getDriver(basePage.java:23)
at basePage.basePage.getDriver(basePage.java:23)
at basePage.basePage.getDriver(basePage.java:23)
at basePage.basePage.getDriver(basePage.java:23)
at basePage.basePage.getDriver(basePage.java:23)
at basePage.basePage.getDriver(basePage.java:23)
at basePage.basePage.getDriver(basePage.java:23)
at basePage.basePage.getDriver(basePage.java:23)
at basePage.basePage.getDriver(basePage.java:23)
at basePage.basePage.getDriver(basePage.java:23)
at basePage.basePage.getDriver(basePage.java:23)
at basePage.basePage.getDriver(basePage.java:23)
at basePage.basePage.getDriver(basePage.java:23)
at basePage.basePage.getDriver(basePage.java:23)
at basePage.basePage.getDriver(basePage.java:23)
at basePage.basePage.getDriver(basePage.java:23)
at basePage.basePage.getDriver(basePage.java:23)
at basePage.basePage.getDriver(basePage.java:23)
at basePage.basePage.getDriver(basePage.java:23)
at basePage.basePage.getDriver(basePage.java:23)
at basePage.basePage.getDriver(basePage.java:23)
at basePage.basePage.getDriver(basePage.java:23)
at basePage.basePage.getDriver(basePage.java:23)
at basePage.basePage.getDriver(basePage.java:23)
at basePage.basePage.getDriver(basePage.java:23)
at basePage.basePage.getDriver(basePage.java:23)
at basePage.basePage.getDriver(basePage.java:23)
at basePage.basePage.getDriver(basePage.java:23)
at basePage.basePage.getDriver(basePage.java:23)
at basePage.basePage.getDriver(basePage.java:23)
at basePage.basePage.getDriver(basePage.java:23)
at basePage.basePage.getDriver(basePage.java:23)
at basePage.basePage.getDriver(basePage.java:23)
at basePage.basePage.getDriver(basePage.java:23)
at basePage.basePage.getDriver(basePage.java:23)
at basePage.basePage.getDriver(basePage.java:23)
at basePage.basePage.getDriver(basePage.java:23)
at basePage.basePage.getDriver(basePage.java:23)
at basePage.basePage.getDriver(basePage.java:23)
at basePage.basePage.getDriver(basePage.java:23)
at basePage.basePage.getDriver(basePage.java:23)
at basePage.basePage.getDriver(basePage.java:23)
at basePage.basePage.getDriver(basePage.java:23)
at basePage.basePage.getDriver(basePage.java:23)
at basePage.basePage.getDriver(basePage.java:23)
at basePage.basePage.getDriver(basePage.java:23)
at basePage.basePage.getDriver(basePage.java:23)
at basePage.basePage.getDriver(basePage.java:23)
at basePage.basePage.getDriver(basePage.java:23)
at basePage.basePage.getDriver(basePage.java:23)
at basePage.basePage.getDriver(basePage.java:23)
at basePage.basePage.getDriver(basePage.java:23)
at basePage.basePage.getDriver(basePage.java:23)
at basePage.basePage.getDriver(basePage.java:23)
at basePage.basePage.getDriver(basePage.java:23)
at basePage.basePage.getDriver(basePage.java:23)
at basePage.basePage.getDriver(basePage.java:23)
at basePage.basePage.getDriver(basePage.java:23)
at basePage.basePage.getDriver(basePage.java:23)
at basePage.basePage.getDriver(basePage.java:23)
at basePage.basePage.getDriver(basePage.java:23)
at basePage.basePage.getDriver(basePage.java:23)
at basePage.basePage.getDriver(basePage.java:23)
at basePage.basePage.getDriver(basePage.java:23)
at basePage.basePage.getDriver(basePage.java:23)
at basePage.basePage.getDriver(basePage.java:23)
at basePage.basePage.getDriver(basePage.java:23)
at basePage.basePage.getDriver(basePage.java:23)
at basePage.basePage.getDriver(basePage.java:23)
at basePage.basePage.getDriver(basePage.java:23)
at basePage.basePage.getDriver(basePage.java:23)
at basePage.basePage.getDriver(basePage.java:23)
at basePage.basePage.getDriver(basePage.java:23)
at basePage.basePage.getDriver(basePage.java:23)
at basePage.basePage.getDriver(basePage.java:23)
at basePage.basePage.getDriver(basePage.java:23)
at basePage.basePage.getDriver(basePage.java:23)
at basePage.basePage.getDriver(basePage.java:23)
at basePage.basePage.getDriver(basePage.java:23)
at basePage.basePage.getDriver(basePage.java:23)
at basePage.basePage.getDriver(basePage.java:23)
at basePage.basePage.getDriver(basePage.java:23)
at basePage.basePage.getDriver(basePage.java:23)
at basePage.basePage.getDriver(basePage.java:23)
at basePage.basePage.getDriver(basePage.java:23)
at basePage.basePage.getDriver(basePage.java:23)
at basePage.basePage.getDriver(basePage.java:23)
at basePage.basePage.getDriver(basePage.java:23)
at basePage.basePage.getDriver(basePage.java:23)
at basePage.basePage.getDriver(basePage.java:23)
at basePage.basePage.getDriver(basePage.java:23)
at basePage.basePage.getDriver(basePage.java:23)
at basePage.basePage.getDriver(basePage.java:23)
at basePage.basePage.getDriver(basePage.java:23)
at basePage.basePage.getDriver(basePage.java:23)
at basePage.basePage.getDriver(basePage.java:23)
at basePage.basePage.getDriver(basePage.java:23)
at basePage.basePage.getDriver(basePage.java:23)
at basePage.basePage.getDriver(basePage.java:23)
at basePage.basePage.getDriver(basePage.java:23)
at basePage.basePage.getDriver(basePage.java:23)
at basePage.basePage.getDriver(basePage.java:23)
at basePage.basePage.getDriver(basePage.java:23)
at basePage.basePage.getDriver(basePage.java:23)
at basePage.basePage.getDriver(basePage.java:23)
at basePage.basePage.getDriver(basePage.java:23)
at basePage.basePage.getDriver(basePage.java:23)
at basePage.basePage.getDriver(basePage.java:23)
at basePage.basePage.getDriver(basePage.java:23)
at basePage.basePage.getDriver(basePage.java:23)
at basePage.basePage.getDriver(basePage.java:23)
at basePage.basePage.getDriver(basePage.java:23)
at basePage.basePage.getDriver(basePage.java:23)
at basePage.basePage.getDriver(basePage.java:23)
at basePage.basePage.getDriver(basePage.java:23)
at basePage.basePage.getDriver(basePage.java:23)
at basePage.basePage.getDriver(basePage.java:23)
at basePage.basePage.getDriver(basePage.java:23)
at basePage.basePage.getDriver(basePage.java:23)
at basePage.basePage.getDriver(basePage.java:23)
at basePage.basePage.getDriver(basePage.java:23)
at basePage.basePage.getDriver(basePage.java:23)
at basePage.basePage.getDriver(basePage.java:23)
at basePage.basePage.getDriver(basePage.java:23)
at basePage.basePage.getDriver(basePage.java:23)
at basePage.basePage.getDriver(basePage.java:23)
at basePage.basePage.getDriver(basePage.java:23)
at basePage.basePage.getDriver(basePage.java:23)
at basePage.basePage.getDriver(basePage.java:23)
at basePage.basePage.getDriver(basePage.java:23)
at basePage.basePage.getDriver(basePage.java:23)
at basePage.basePage.getDriver(basePage.java:23)
at basePage.basePage.getDriver(basePage.java:23)
at basePage.basePage.getDriver(basePage.java:23)
at basePage.basePage.getDriver(basePage.java:23)
at basePage.basePage.getDriver(basePage.java:23)
at basePage.basePage.getDriver(basePage.java:23)
at basePage.basePage.getDriver(basePage.java:23)
at basePage.basePage.getDriver(basePage.java:23)
at basePage.basePage.getDriver(basePage.java:23)
at basePage.basePage.getDriver(basePage.java:23)
at basePage.basePage.getDriver(basePage.java:23)
at basePage.basePage.getDriver(basePage.java:23)
at basePage.basePage.getDriver(basePage.java:23)
at basePage.basePage.getDriver(basePage.java:23)
at basePage.basePage.getDriver(basePage.java:23)
at basePage.basePage.getDriver(basePage.java:23)
at basePage.basePage.getDriver(basePage.java:23)
at basePage.basePage.getDriver(basePage.java:23)
at basePage.basePage.getDriver(basePage.java:23)
at basePage.basePage.getDriver(basePage.java:23)
at basePage.basePage.getDriver(basePage.java:23)
at basePage.basePage.getDriver(basePage.java:23)
at basePage.basePage.getDriver(basePage.java:23)
at basePage.basePage.getDriver(basePage.java:23)
at basePage.basePage.getDriver(basePage.java:23)
at basePage.basePage.getDriver(basePage.java:23)
at basePage.basePage.getDriver(basePage.java:23)
at basePage.basePage.getDriver(basePage.java:23)
at basePage.basePage.getDriver(basePage.java:23)
at basePage.basePage.getDriver(basePage.java:23)
at basePage.basePage.getDriver(basePage.java:23)
at basePage.basePage.getDriver(basePage.java:23)
at basePage.basePage.getDriver(basePage.java:23)
at basePage.basePage.getDriver(basePage.java:23)
at basePage.basePage.getDriver(basePage.java:23)
at basePage.basePage.getDriver(basePage.java:23)
at basePage.basePage.getDriver(basePage.java:23)
at basePage.basePage.getDriver(basePage.java:23)
at basePage.basePage.getDriver(basePage.java:23)
at basePage.basePage.getDriver(basePage.java:23)
at basePage.basePage.getDriver(basePage.java:23)
at basePage.basePage.getDriver(basePage.java:23)
at basePage.basePage.getDriver(basePage.java:23)
at basePage.basePage.getDriver(basePage.java:23)
at basePage.basePage.getDriver(basePage.java:23)
at basePage.basePage.getDriver(basePage.java:23)
at basePage.basePage.getDriver(basePage.java:23)
at basePage.basePage.getDriver(basePage.java:23)
at basePage.basePage.getDriver(basePage.java:23)
at basePage.basePage.getDriver(basePage.java:23)
at basePage.basePage.getDriver(basePage.java:23)
at basePage.basePage.getDriver(basePage.java:23)
at basePage.basePage.getDriver(basePage.java:23)
at basePage.basePage.getDriver(basePage.java:23)
at basePage.basePage.getDriver(basePage.java:23)
at basePage.basePage.getDriver(basePage.java:23)
at basePage.basePage.getDriver(basePage.java:23)
at basePage.basePage.getDriver(basePage.java:23)
at basePage.basePage.getDriver(basePage.java:23)
at basePage.basePage.getDriver(basePage.java:23)
at basePage.basePage.getDriver(basePage.java:23)
at basePage.basePage.getDriver(basePage.java:23)
at basePage.basePage.getDriver(basePage.java:23)
at basePage.basePage.getDriver(basePage.java:23)
at basePage.basePage.getDriver(basePage.java:23)
at basePage.basePage.getDriver(basePage.java:23)
at basePage.basePage.getDriver(basePage.java:23)
at basePage.basePage.getDriver(basePage.java:23)
at basePage.basePage.getDriver(basePage.java:23)
at basePage.basePage.getDriver(basePage.java:23)
at basePage.basePage.getDriver(basePage.java:23)
at basePage.basePage.getDriver(basePage.java:23)
at basePage.basePage.getDriver(basePage.java:23)
at basePage.basePage.getDriver(basePage.java:23)
at basePage.basePage.getDriver(basePage.java:23)
at basePage.basePage.getDriver(basePage.java:23)
at basePage.basePage.getDriver(basePage.java:23)
at basePage.basePage.getDriver(basePage.java:23)
at basePage.basePage.getDriver(basePage.java:23)
at basePage.basePage.getDriver(basePage.java:23)
at basePage.basePage.getDriver(basePage.java:23)
at basePage.basePage.getDriver(basePage.java:23)
at basePage.basePage.getDriver(basePage.java:23)
at basePage.basePage.getDriver(basePage.java:23)
at basePage.basePage.getDriver(basePage.java:23)
at basePage.basePage.getDriver(basePage.java:23)
at basePage.basePage.getDriver(basePage.java:23)
at basePage.basePage.getDriver(basePage.java:23)
at basePage.basePage.getDriver(basePage.java:23)
at basePage.basePage.getDriver(basePage.java:23)
at basePage.basePage.getDriver(basePage.java:23)
at basePage.basePage.getDriver(basePage.java:23)
at basePage.basePage.getDriver(basePage.java:23)
at basePage.basePage.getDriver(basePage.java:23)
at basePage.basePage.getDriver(basePage.java:23)
at basePage.basePage.getDriver(basePage.java:23)
at basePage.basePage.getDriver(basePage.java:23)
at basePage.basePage.getDriver(basePage.java:23)
at basePage.basePage.getDriver(basePage.java:23)
at basePage.basePage.getDriver(basePage.java:23)
at basePage.basePage.getDriver(basePage.java:23)
at basePage.basePage.getDriver(basePage.java:23)
at basePage.basePage.getDriver(basePage.java:23)
at basePage.basePage.getDriver(basePage.java:23)
at basePage.basePage.getDriver(basePage.java:23)
at basePage.basePage.getDriver(basePage.java:23)
at basePage.basePage.getDriver(basePage.java:23)
at basePage.basePage.getDriver(basePage.java:23)
at basePage.basePage.getDriver(basePage.java:23)
at basePage.basePage.getDriver(basePage.java:23)
at basePage.basePage.getDriver(basePage.java:23)
at basePage.basePage.getDriver(basePage.java:23)
at basePage.basePage.getDriver(basePage.java:23)
at basePage.basePage.getDriver(basePage.java:23)
at basePage.basePage.getDriver(basePage.java:23)
at basePage.basePage.getDriver(basePage.java:23)
at basePage.basePage.getDriver(basePage.java:23)
at basePage.basePage.getDriver(basePage.java:23)
at basePage.basePage.getDriver(basePage.java:23)
at basePage.basePage.getDriver(basePage.java:23)
at basePage.basePage.getDriver(basePage.java:23)
at basePage.basePage.getDriver(basePage.java:23)
at basePage.basePage.getDriver(basePage.java:23)
at basePage.basePage.getDriver(basePage.java:23)
at basePage.basePage.getDriver(basePage.java:23)
at basePage.basePage.getDriver(basePage.java:23)
at basePage.basePage.getDriver(basePage.java:23)
at basePage.basePage.getDriver(basePage.java:23)
at basePage.basePage.getDriver(basePage.java:23)
at basePage.basePage.getDriver(basePage.java:23)
at basePage.basePage.getDriver(basePage.java:23)
at basePage.basePage.getDriver(basePage.java:23)
at basePage.basePage.getDriver(basePage.java:23)
at basePage.basePage.getDriver(basePage.java:23)
at basePage.basePage.getDriver(basePage.java:23)
at basePage.basePage.getDriver(basePage.java:23)
at basePage.basePage.getDriver(basePage.java:23)
at basePage.basePage.getDriver(basePage.java:23)
at basePage.basePage.getDriver(basePage.java:23)
at basePage.basePage.getDriver(basePage.java:23)
at basePage.basePage.getDriver(basePage.java:23)
at basePage.basePage.getDriver(basePage.java:23)
at basePage.basePage.getDriver(basePage.java:23)
at basePage.basePage.getDriver(basePage.java:23)
at basePage.basePage.getDriver(basePage.java:23)
at basePage.basePage.getDriver(basePage.java:23)
at basePage.basePage.getDriver(basePage.java:23)
at basePage.basePage.getDriver(basePage.java:23)
at basePage.basePage.getDriver(basePage.java:23)
at basePage.basePage.getDriver(basePage.java:23)
at basePage.basePage.getDriver(basePage.java:23)
at basePage.basePage.getDriver(basePage.java:23)
at basePage.basePage.getDriver(basePage.java:23)
at basePage.basePage.getDriver(basePage.java:23)
at basePage.basePage.getDriver(basePage.java:23)
at basePage.basePage.getDriver(basePage.java:23)
at basePage.basePage.getDriver(basePage.java:23)
at basePage.basePage.getDriver(basePage.java:23)
at basePage.basePage.getDriver(basePage.java:23)
at basePage.basePage.getDriver(basePage.java:23)
at basePage.basePage.getDriver(basePage.java:23)
at basePage.basePage.getDriver(basePage.java:23)
at basePage.basePage.getDriver(basePage.java:23)
at basePage.basePage.getDriver(basePage.java:23)
at basePage.basePage.getDriver(basePage.java:23)
at basePage.basePage.getDriver(basePage.java:23)
at basePage.basePage.getDriver(basePage.java:23)
at basePage.basePage.getDriver(basePage.java:23)
at basePage.basePage.getDriver(basePage.java:23)
at basePage.basePage.getDriver(basePage.java:23)
at basePage.basePage.getDriver(basePage.java:23)
at basePage.basePage.getDriver(basePage.java:23)
at basePage.basePage.getDriver(basePage.java:23)
at basePage.basePage.getDriver(basePage.java:23)
at basePage.basePage.getDriver(basePage.java:23)
at basePage.basePage.getDriver(basePage.java:23)
at basePage.basePage.getDriver(basePage.java:23)
at basePage.basePage.getDriver(basePage.java:23)
at basePage.basePage.getDriver(basePage.java:23)
at basePage.basePage.getDriver(basePage.java:23)
at basePage.basePage.getDriver(basePage.java:23)
at basePage.basePage.getDriver(basePage.java:23)
at basePage.basePage.getDriver(basePage.java:23)
at basePage.basePage.getDriver(basePage.java:23)
at basePage.basePage.getDriver(basePage.java:23)
at basePage.basePage.getDriver(basePage.java:23)
at basePage.basePage.getDriver(basePage.java:23)
at basePage.basePage.getDriver(basePage.java:23)
at basePage.basePage.getDriver(basePage.java:23)
at basePage.basePage.getDriver(basePage.java:23)
at basePage.basePage.getDriver(basePage.java:23)
at basePage.basePage.getDriver(basePage.java:23)
at basePage.basePage.getDriver(basePage.java:23)
at basePage.basePage.getDriver(basePage.java:23)
at basePage.basePage.getDriver(basePage.java:23)
at basePage.basePage.getDriver(basePage.java:23)
at basePage.basePage.getDriver(basePage.java:23)
at basePage.basePage.getDriver(basePage.java:23)
at basePage.basePage.getDriver(basePage.java:23)
at basePage.basePage.getDriver(basePage.java:23)
at basePage.basePage.getDriver(basePage.java:23)
at basePage.basePage.getDriver(basePage.java:23)
at basePage.basePage.getDriver(basePage.java:23)
at basePage.basePage.getDriver(basePage.java:23)
at basePage.basePage.getDriver(basePage.java:23)
at basePage.basePage.getDriver(basePage.java:23)
at basePage.basePage.getDriver(basePage.java:23)
at basePage.basePage.getDriver(basePage.java:23)
at basePage.basePage.getDriver(basePage.java:23)
at basePage.basePage.getDriver(basePage.java:23)
at basePage.basePage.getDriver(basePage.java:23)
at basePage.basePage.getDriver(basePage.java:23)
at basePage.basePage.getDriver(basePage.java:23)
at basePage.basePage.getDriver(basePage.java:23)
at basePage.basePage.getDriver(basePage.java:23)
at basePage.basePage.getDriver(basePage.java:23)
at basePage.basePage.getDriver(basePage.java:23)
at basePage.basePage.getDriver(basePage.java:23)
at basePage.basePage.getDriver(basePage.java:23)
at basePage.basePage.getDriver(basePage.java:23)
at basePage.basePage.getDriver(basePage.java:23)
at basePage.basePage.getDriver(basePage.java:23)
at basePage.basePage.getDriver(basePage.java:23)
at basePage.basePage.getDriver(basePage.java:23)
at basePage.basePage.getDriver(basePage.java:23)
at basePage.basePage.getDriver(basePage.java:23)
at basePage.basePage.getDriver(basePage.java:23)
at basePage.basePage.getDriver(basePage.java:23)
at basePage.basePage.getDriver(basePage.java:23)
]]>
    </failure>
  </testcase> <!-- @BeforeTest driverSetUp -->
  <testcase classname="com.caw.CawInterview.inputTableData" name="tableData" time="0.0">
    <skipped/>
  </testcase> <!-- tableData -->
</testsuite> <!-- Test(failed) -->
